<?xml version="1.0" encoding="UTF-8"?>
<!-- Generated by org.testng.reporters.JUnitReportReporter -->
<testsuite skipped="0" hostname="Kiruthik" name="advancedSeleniumOwn.Dataprovider" tests="3" failures="0" timestamp="14 Aug 2021 08:12:55 GMT" time="0.105" errors="0">
  <testcase name="demo" time="0.004" classname="advancedSeleniumOwn.Dataprovider"/>
  <testcase name="demo" time="0.092" classname="advancedSeleniumOwn.Dataprovider"/>
  <testcase name="demo" time="0.009" classname="advancedSeleniumOwn.Dataprovider"/>
</testsuite> <!-- advancedSeleniumOwn.Dataprovider -->
