<?xml version="1.0" encoding="UTF-8"?>
<!-- Generated by org.testng.reporters.JUnitReportReporter -->
<testsuite skipped="0" hostname="Kiruthik" name="homePractice.SeleniumPractice" tests="1" failures="0" timestamp="15 Oct 2021 05:52:58 GMT" time="20.702" errors="0">
  <testcase name="a" time="20.702" classname="homePractice.SeleniumPractice"/>
</testsuite> <!-- homePractice.SeleniumPractice -->
