<?xml version="1.0" encoding="UTF-8"?>
<!-- Generated by org.testng.reporters.JUnitReportReporter -->
<testsuite skipped="0" hostname="Kiruthik" name="assignmentsTestNG.YourStore" tests="4" failures="0" timestamp="14 Jun 2021 14:08:33 GMT" time="42.152" errors="0">
  <testcase name="pageLoad" time="26.570" classname="assignmentsTestNG.YourStore"/>
  <testcase name="personalDetails" time="4.637" classname="assignmentsTestNG.YourStore"/>
  <testcase name="password" time="3.977" classname="assignmentsTestNG.YourStore"/>
  <testcase name="submit" time="6.968" classname="assignmentsTestNG.YourStore"/>
</testsuite> <!-- assignmentsTestNG.YourStore -->
