<?xml version="1.0" encoding="UTF-8"?>
<!-- Generated by org.testng.reporters.JUnitReportReporter -->
<testsuite skipped="0" hostname="Kiruthik" name="testNGFramework.ExplicitWaitExample" tests="2" failures="0" timestamp="22 Jun 2021 03:54:14 GMT" time="18.668" errors="0">
  <testcase name="a_pageLoad" time="9.673" classname="testNGFramework.ExplicitWaitExample"/>
  <testcase name="b_search" time="8.995" classname="testNGFramework.ExplicitWaitExample"/>
</testsuite> <!-- testNGFramework.ExplicitWaitExample -->
