<?xml version="1.0" encoding="UTF-8"?>
<!-- Generated by org.testng.reporters.JUnitReportReporter -->
<testsuite skipped="0" hostname="Kiruthik" name="assignmentsTestNG.JPetStore" tests="4" failures="0" timestamp="26 Jul 2021 05:56:55 GMT" time="20.036" errors="0">
  <testcase name="pageLoad" time="4.880" classname="assignmentsTestNG.JPetStore"/>
  <testcase name="userInformation" time="3.631" classname="assignmentsTestNG.JPetStore"/>
  <testcase name="accountInformation" time="4.977" classname="assignmentsTestNG.JPetStore"/>
  <testcase name="profileInformation" time="6.548" classname="assignmentsTestNG.JPetStore"/>
</testsuite> <!-- assignmentsTestNG.JPetStore -->
