<?xml version="1.0" encoding="UTF-8"?>
<!-- Generated by org.testng.reporters.JUnitReportReporter -->
<testsuite skipped="0" hostname="Kiruthik" name="assignmentsTestNG.Formy" tests="2" failures="0" timestamp="26 Jul 2021 05:56:55 GMT" time="24.327" errors="0">
  <testcase name="b_formFilling" time="12.193" classname="assignmentsTestNG.Formy"/>
  <testcase name="a_pageLoad" time="12.134" classname="assignmentsTestNG.Formy"/>
</testsuite> <!-- assignmentsTestNG.Formy -->
