<?xml version="1.0" encoding="UTF-8"?>
<!-- Generated by org.testng.reporters.JUnitReportReporter -->
<testsuite skipped="0" hostname="Kiruthik" name="testNGFramework.ImplicitWaitExample" tests="2" failures="0" timestamp="22 Jun 2021 03:47:55 GMT" time="22.890" errors="0">
  <testcase name="b_search" time="11.795" classname="testNGFramework.ImplicitWaitExample"/>
  <testcase name="a_pageLoad" time="11.095" classname="testNGFramework.ImplicitWaitExample"/>
</testsuite> <!-- testNGFramework.ImplicitWaitExample -->
