<?xml version="1.0" encoding="UTF-8"?>
<!-- Generated by org.testng.reporters.JUnitReportReporter -->
<testsuite skipped="0" hostname="Kiruthik" name="advancedSeleniumOwn.Dataprovider1" tests="3" failures="0" timestamp="05 Jan 2022 12:33:54 GMT" time="0.048" errors="0">
  <testcase name="demo" time="0.005" classname="advancedSeleniumOwn.Dataprovider1"/>
  <testcase name="demo" time="0.006" classname="advancedSeleniumOwn.Dataprovider1"/>
  <testcase name="demo" time="0.037" classname="advancedSeleniumOwn.Dataprovider1"/>
</testsuite> <!-- advancedSeleniumOwn.Dataprovider1 -->
