<?xml version="1.0" encoding="UTF-8"?>
<!-- Generated by org.testng.reporters.JUnitReportReporter -->
<testsuite skipped="0" hostname="Kiruthik" name="testNGFramework.MethodDependancy" tests="5" failures="0" timestamp="23 Jul 2021 05:17:47 GMT" time="0.100" errors="0">
  <testcase name="f2" time="0.007" classname="testNGFramework.MethodDependancy"/>
  <testcase name="f5" time="0.009" classname="testNGFramework.MethodDependancy"/>
  <testcase name="f1" time="0.008" classname="testNGFramework.MethodDependancy"/>
  <testcase name="f3" time="0.072" classname="testNGFramework.MethodDependancy"/>
  <testcase name="f4" time="0.004" classname="testNGFramework.MethodDependancy"/>
</testsuite> <!-- testNGFramework.MethodDependancy -->
