<?xml version="1.0" encoding="UTF-8"?>
<!-- Generated by org.testng.reporters.JUnitReportReporter -->
<testsuite skipped="0" hostname="Kiruthik" name="advancedSeleniumOwn.DataProviderIfElse" tests="4" failures="0" timestamp="20 Aug 2021 06:02:43 GMT" time="0.061" errors="0">
  <testcase name="test" time="0.000" classname="advancedSeleniumOwn.DataProviderIfElse"/>
  <testcase name="demo" time="0.046" classname="advancedSeleniumOwn.DataProviderIfElse"/>
  <testcase name="test" time="0.015" classname="advancedSeleniumOwn.DataProviderIfElse"/>
  <testcase name="demo" time="0.000" classname="advancedSeleniumOwn.DataProviderIfElse"/>
</testsuite> <!-- advancedSeleniumOwn.DataProviderIfElse -->
