<?xml version="1.0" encoding="UTF-8"?>
<!-- Generated by org.testng.reporters.JUnitReportReporter -->
<testsuite skipped="0" hostname="Kiruthik" name="homePractice.SeleniumAdvancedPractice" tests="1" failures="0" timestamp="13 Aug 2021 05:52:53 GMT" time="18.381" errors="0">
  <testcase name="openBrowser" time="18.381" classname="homePractice.SeleniumAdvancedPractice"/>
</testsuite> <!-- homePractice.SeleniumAdvancedPractice -->
