<?xml version="1.0" encoding="UTF-8"?>
<!-- Generated by org.testng.reporters.JUnitReportReporter -->
<testsuite skipped="0" hostname="Kiruthik" name="assignmentsTestNG.TutorialsNinjaSearch" tests="2" failures="0" timestamp="17 Jun 2021 03:57:40 GMT" time="16.216" errors="0">
  <testcase name="a_pageLoad" time="6.787" classname="assignmentsTestNG.TutorialsNinjaSearch"/>
  <testcase name="b_laptop" time="9.429" classname="assignmentsTestNG.TutorialsNinjaSearch"/>
</testsuite> <!-- assignmentsTestNG.TutorialsNinjaSearch -->
