<?xml version="1.0" encoding="UTF-8"?>
<!-- Generated by org.testng.reporters.JUnitReportReporter -->
<testsuite skipped="0" hostname="Kiruthik" name="advancedSeleniumOwn.DataProviderDifferentClassTestCases" tests="3" failures="0" timestamp="14 Aug 2021 06:16:12 GMT" time="0.100" errors="0">
  <testcase name="testDifferent" time="0.005" classname="advancedSeleniumOwn.DataProviderDifferentClassTestCases"/>
  <testcase name="testDifferent" time="0.006" classname="advancedSeleniumOwn.DataProviderDifferentClassTestCases"/>
  <testcase name="testDifferent" time="0.089" classname="advancedSeleniumOwn.DataProviderDifferentClassTestCases"/>
</testsuite> <!-- advancedSeleniumOwn.DataProviderDifferentClassTestCases -->
