<?xml version="1.0" encoding="UTF-8"?>
<!-- Generated by org.testng.reporters.JUnitReportReporter -->
<testsuite skipped="0" hostname="Kiruthik" name="testNGFramework.ParallelTestCases" tests="2" failures="0" timestamp="20 Sep 2021 06:28:21 GMT" time="62.199" errors="0">
  <testcase name="alpha" time="26.266" classname="testNGFramework.ParallelTestCases"/>
  <testcase name="demo" time="35.933" classname="testNGFramework.ParallelTestCases"/>
</testsuite> <!-- testNGFramework.ParallelTestCases -->
