<?xml version="1.0" encoding="UTF-8"?>
<!-- Generated by org.testng.reporters.JUnitReportReporter -->
<testsuite skipped="0" hostname="Kiruthik" name="homePractice.Basic" tests="2" failures="0" timestamp="23 Jul 2021 05:56:20 GMT" time="0.013" errors="0">
  <testcase name="hitURL" time="0.006" classname="homePractice.Basic"/>
  <testcase name="openBrowser" time="0.007" classname="homePractice.Basic"/>
</testsuite> <!-- homePractice.Basic -->
