<?xml version="1.0" encoding="UTF-8"?>
<!-- Generated by org.testng.reporters.JUnitReportReporter -->
<testsuite skipped="0" hostname="Kiruthik" name="testNGFramework.GroupingConcepts" tests="3" failures="0" timestamp="26 Jul 2021 06:00:01 GMT" time="0.073" errors="0">
  <testcase name="f5" time="0.004" classname="testNGFramework.GroupingConcepts"/>
  <testcase name="f1" time="0.057" classname="testNGFramework.GroupingConcepts"/>
  <testcase name="f3" time="0.012" classname="testNGFramework.GroupingConcepts"/>
</testsuite> <!-- testNGFramework.GroupingConcepts -->
