<?xml version="1.0" encoding="UTF-8"?>
<!-- Generated by org.testng.reporters.JUnitReportReporter -->
<testsuite skipped="1" hostname="Kiruthik" name="advancedSeleniumOwn.DataProvider3" tests="1" failures="0" timestamp="06 Jan 2022 17:40:25 GMT" time="0.000" errors="0">
  <testcase name="demo" time="0.000" classname="advancedSeleniumOwn.DataProvider3">
    <skipped/>
  </testcase> <!-- demo -->
</testsuite> <!-- advancedSeleniumOwn.DataProvider3 -->
