<?xml version="1.0" encoding="UTF-8"?>
<!-- Generated by org.testng.reporters.JUnitReportReporter -->
<testsuite skipped="0" hostname="Kiruthik" name="testNGFramework.TestCaseMultipleRun" tests="3" failures="0" timestamp="10 Aug 2021 05:09:06 GMT" time="0.103" errors="0">
  <testcase name="demo" time="0.015" classname="testNGFramework.TestCaseMultipleRun"/>
  <testcase name="demo" time="0.083" classname="testNGFramework.TestCaseMultipleRun"/>
  <testcase name="demo" time="0.005" classname="testNGFramework.TestCaseMultipleRun"/>
</testsuite> <!-- testNGFramework.TestCaseMultipleRun -->
