<?xml version="1.0" encoding="UTF-8"?>
<!-- Generated by org.testng.reporters.JUnitReportReporter -->
<testsuite skipped="0" hostname="Kiruthik" name="testNGFramework.Description" tests="2" failures="0" timestamp="01 Aug 2021 06:51:55 GMT" time="0.035" errors="0">
  <testcase name="browser" time="0.030" classname="testNGFramework.Description"/>
  <testcase name="close" time="0.005" classname="testNGFramework.Description"/>
</testsuite> <!-- testNGFramework.Description -->
