<?xml version="1.0" encoding="UTF-8"?>
<!-- Generated by org.testng.reporters.JUnitReportReporter -->
<testsuite skipped="0" hostname="Kiruthik" name="advancedSeleniumOwn.Dataprovider2" tests="2" failures="0" timestamp="14 Aug 2021 08:26:20 GMT" time="0.076" errors="0">
  <testcase name="demo" time="0.066" classname="advancedSeleniumOwn.Dataprovider2"/>
  <testcase name="demo" time="0.010" classname="advancedSeleniumOwn.Dataprovider2"/>
</testsuite> <!-- advancedSeleniumOwn.Dataprovider2 -->
