<?xml version="1.0" encoding="UTF-8"?>
<!-- Generated by org.testng.reporters.JUnitReportReporter -->
<testsuite skipped="0" hostname="Kiruthik" name="testNGFramework.DependsOnGroups" tests="5" failures="0" timestamp="23 Jul 2021 06:30:08 GMT" time="0.064" errors="0">
  <testcase name="test" time="0.008" classname="testNGFramework.DependsOnGroups"/>
  <testcase name="addToCart" time="0.013" classname="testNGFramework.DependsOnGroups"/>
  <testcase name="search" time="0.017" classname="testNGFramework.DependsOnGroups"/>
  <testcase name="message" time="0.015" classname="testNGFramework.DependsOnGroups"/>
  <testcase name="closingBrowser" time="0.011" classname="testNGFramework.DependsOnGroups"/>
</testsuite> <!-- testNGFramework.DependsOnGroups -->
