<?xml version="1.0" encoding="UTF-8"?>
<!-- Generated by org.testng.reporters.JUnitReportReporter -->
<testsuite skipped="0" hostname="Kiruthik" name="assignmentsTestNG.TutorialsNinjaAddToCart" tests="2" failures="0" timestamp="17 Jun 2021 03:57:41 GMT" time="25.277" errors="0">
  <testcase name="a_pageLoad" time="6.950" classname="assignmentsTestNG.TutorialsNinjaAddToCart"/>
  <testcase name="b_productAddRemove" time="18.327" classname="assignmentsTestNG.TutorialsNinjaAddToCart"/>
</testsuite> <!-- assignmentsTestNG.TutorialsNinjaAddToCart -->
