<?xml version="1.0" encoding="UTF-8"?>
<!-- Generated by org.testng.reporters.JUnitReportReporter -->
<testsuite skipped="0" hostname="Kiruthik" name="assignmentsTestNG.SwagLabs" tests="3" failures="0" timestamp="17 Jun 2021 03:57:40 GMT" time="14.070" errors="0">
  <testcase name="pageLoad" time="5.467" classname="assignmentsTestNG.SwagLabs"/>
  <testcase name="signIn" time="4.328" classname="assignmentsTestNG.SwagLabs"/>
  <testcase name="signOut" time="4.275" classname="assignmentsTestNG.SwagLabs"/>
</testsuite> <!-- assignmentsTestNG.SwagLabs -->
