<?xml version="1.0" encoding="UTF-8"?>
<!-- Generated by org.testng.reporters.JUnitReportReporter -->
<testsuite skipped="1" hostname="Kiruthik" name="testNGFramework.MethodDependancyMultiple" tests="6" failures="0" timestamp="23 Jul 2021 05:43:09 GMT" time="0.085" errors="0">
  <testcase name="e_E" time="0.004" classname="testNGFramework.MethodDependancyMultiple"/>
  <testcase name="a_A" time="0.012" classname="testNGFramework.MethodDependancyMultiple"/>
  <testcase name="f_F" time="0.060" classname="testNGFramework.MethodDependancyMultiple"/>
  <testcase name="c_C" time="0.004" classname="testNGFramework.MethodDependancyMultiple"/>
  <testcase name="b_B" time="0.005" classname="testNGFramework.MethodDependancyMultiple"/>
  <testcase name="d_D" classname="testNGFramework.MethodDependancyMultiple">
    <skipped/>
  </testcase> <!-- d_D -->
</testsuite> <!-- testNGFramework.MethodDependancyMultiple -->
