<?xml version="1.0" encoding="UTF-8"?>
<!-- Generated by org.testng.reporters.JUnitReportReporter -->
<testsuite skipped="0" hostname="Kiruthik" name="testNGFramework.ThreadSleepExample" tests="2" failures="0" timestamp="22 Jun 2021 03:39:08 GMT" time="27.872" errors="0">
  <testcase name="b_search" time="17.524" classname="testNGFramework.ThreadSleepExample"/>
  <testcase name="a_pageLoad" time="10.348" classname="testNGFramework.ThreadSleepExample"/>
</testsuite> <!-- testNGFramework.ThreadSleepExample -->
