<?xml version="1.0" encoding="UTF-8"?>
<!-- Generated by org.testng.reporters.JUnitReportReporter -->
<testsuite skipped="0" hostname="Kiruthik" name="testNGFramework.TakingScreenshots" tests="2" failures="0" timestamp="23 Jun 2021 03:55:08 GMT" time="17.307" errors="0">
  <testcase name="a_pageLoad" time="12.018" classname="testNGFramework.TakingScreenshots"/>
  <testcase name="b_Login" time="5.289" classname="testNGFramework.TakingScreenshots"/>
</testsuite> <!-- testNGFramework.TakingScreenshots -->
