<?xml version="1.0" encoding="UTF-8"?>
<!-- Generated by org.testng.reporters.JUnitReportReporter -->
<testsuite skipped="0" hostname="Kiruthik" name="testNGFramework.YourLogoForTestNG" tests="6" failures="0" timestamp="21 Jul 2021 06:31:05 GMT" time="189.238" errors="0">
  <testcase name="pageLoad" time="118.043" classname="testNGFramework.YourLogoForTestNG"/>
  <testcase name="initialRegistration" time="17.778" classname="testNGFramework.YourLogoForTestNG"/>
  <testcase name="personalInfo" time="34.295" classname="testNGFramework.YourLogoForTestNG"/>
  <testcase name="addressInfo" time="9.090" classname="testNGFramework.YourLogoForTestNG"/>
  <testcase name="signOut" time="4.981" classname="testNGFramework.YourLogoForTestNG"/>
  <testcase name="signIn" time="5.051" classname="testNGFramework.YourLogoForTestNG"/>
</testsuite> <!-- testNGFramework.YourLogoForTestNG -->
