<?xml version="1.0" encoding="UTF-8"?>
<!-- Generated by org.testng.reporters.JUnitReportReporter -->
<testsuite skipped="1" hostname="Kiruthik" name="testNGFramework.DisablingTestScripts" tests="5" failures="0" timestamp="16 Jun 2021 02:56:38 GMT" time="0.071" errors="0">
  <testcase name="f5" time="0.009" classname="testNGFramework.DisablingTestScripts"/>
  <testcase name="f2" time="0.008" classname="testNGFramework.DisablingTestScripts"/>
  <testcase name="f4" time="0.005" classname="testNGFramework.DisablingTestScripts"/>
  <testcase name="f1" time="0.049" classname="testNGFramework.DisablingTestScripts"/>
  <testcase name="f3" classname="testNGFramework.DisablingTestScripts">
    <skipped/>
  </testcase> <!-- f3 -->
</testsuite> <!-- testNGFramework.DisablingTestScripts -->
